

Microchip MPLAB XC8 Assembler V2.31 build 20201012212115 
                                                                                               Fri Apr 16 17:53:09 2021

Microchip MPLAB XC8 C Compiler v2.31 (Free license) build 20201012212115 Og1 
     1                           	processor	16F887
     2                           	pagewidth 120
     3                           	opt	flic
     4                           	psect	idataBANK0,global,class=CODE,delta=2,noexec
     5                           	psect	nvCOMMON,global,class=COMMON,space=1,delta=1,noexec
     6                           	psect	nvBANK0,global,class=BANK0,space=1,delta=1,noexec
     7                           	psect	cinit,global,class=CODE,merge=1,delta=2
     8                           	psect	bssCOMMON,global,class=COMMON,space=1,delta=1,noexec
     9                           	psect	dataBANK0,global,class=BANK0,space=1,delta=1,noexec
    10                           	psect	inittext,global,class=CODE,delta=2
    11                           	psect	cstackCOMMON,global,class=COMMON,space=1,delta=1,noexec
    12                           	psect	cstackBANK0,global,class=BANK0,space=1,delta=1,noexec
    13                           	psect	maintext,global,class=CODE,split=1,delta=2
    14                           	psect	text1,local,class=CODE,merge=1,delta=2
    15                           	psect	text2,local,class=CODE,merge=1,delta=2
    16                           	psect	text3,local,class=CODE,merge=1,delta=2,group=1
    17                           	psect	text4,local,class=CODE,merge=1,delta=2,group=1
    18                           	psect	text5,local,class=CODE,merge=1,delta=2
    19                           	psect	intentry,global,class=CODE,delta=2
    20                           	psect	config,global,abs,ovrld,class=CONFIG,space=4,delta=2,noexec
    21                           	dabs	1,0x7E,2
    22  0000                     
    23                           ; Version 2.20
    24                           ; Generated 12/02/2020 GMT
    25                           ; 
    26                           ; Copyright © 2020, Microchip Technology Inc. and its subsidiaries ("Microchip")
    27                           ; All rights reserved.
    28                           ; 
    29                           ; This software is developed by Microchip Technology Inc. and its subsidiaries ("Microch
      +                          ip").
    30                           ; 
    31                           ; Redistribution and use in source and binary forms, with or without modification, are
    32                           ; permitted provided that the following conditions are met:
    33                           ; 
    34                           ;     1. Redistributions of source code must retain the above copyright notice, this lis
      +                          t of
    35                           ;        conditions and the following disclaimer.
    36                           ; 
    37                           ;     2. Redistributions in binary form must reproduce the above copyright notice, this 
      +                          list
    38                           ;        of conditions and the following disclaimer in the documentation and/or other
    39                           ;        materials provided with the distribution.
    40                           ; 
    41                           ;     3. Microchip's name may not be used to endorse or promote products derived from th
      +                          is
    42                           ;        software without specific prior written permission.
    43                           ; 
    44                           ; THIS SOFTWARE IS PROVIDED BY MICROCHIP "AS IS" AND ANY EXPRESS OR IMPLIED WARRANTIES,
    45                           ; INCLUDING, BUT NOT LIMITED TO, THE IMPLIED WARRANTIES OF MERCHANTABILITY AND FITNESS F
      +                          OR
    46                           ; PURPOSE ARE DISCLAIMED.  IN NO EVENT SHALL MICROCHIP BE LIABLE FOR ANY DIRECT, INDIREC
      +                          T,
    47                           ; INCIDENTAL, SPECIAL, EXEMPLARY, OR CONSEQUENTIAL DAMAGES (INCLUDING BUT NOT LIMITED TO
    48                           ; PROCUREMENT OF SUBSTITUTE GOODS OR SERVICES; LOSS OF USE, DATA OR PROFITS; OR BUSINESS
    49                           ; INTERRUPTION) HOWSOEVER CAUSED AND ON ANY THEORY OF LIABILITY, WHETHER IN CONTRACT, ST
      +                          RICT
    50                           ; LIABILITY, OR TORT (INCLUDING NEGLIGENCE OR OTHERWISE) ARISING IN ANY WAY OUT OF THE U
      +                          SE OF
    51                           ; THIS SOFTWARE, EVEN IF ADVISED OF THE POSSIBILITY OF SUCH DAMAGE.
    52                           ; 
    53                           ; 
    54                           ; Code-generator required, PIC16F887 Definitions
    55                           ; 
    56                           ; SFR Addresses
    57  0000                     	;# 
    58  0001                     	;# 
    59  0002                     	;# 
    60  0003                     	;# 
    61  0004                     	;# 
    62  0005                     	;# 
    63  0006                     	;# 
    64  0007                     	;# 
    65  0008                     	;# 
    66  0009                     	;# 
    67  000A                     	;# 
    68  000B                     	;# 
    69  000C                     	;# 
    70  000D                     	;# 
    71  000E                     	;# 
    72  000E                     	;# 
    73  000F                     	;# 
    74  0010                     	;# 
    75  0011                     	;# 
    76  0012                     	;# 
    77  0013                     	;# 
    78  0014                     	;# 
    79  0015                     	;# 
    80  0015                     	;# 
    81  0016                     	;# 
    82  0017                     	;# 
    83  0018                     	;# 
    84  0019                     	;# 
    85  001A                     	;# 
    86  001B                     	;# 
    87  001B                     	;# 
    88  001C                     	;# 
    89  001D                     	;# 
    90  001E                     	;# 
    91  001F                     	;# 
    92  0081                     	;# 
    93  0085                     	;# 
    94  0086                     	;# 
    95  0087                     	;# 
    96  0088                     	;# 
    97  0089                     	;# 
    98  008C                     	;# 
    99  008D                     	;# 
   100  008E                     	;# 
   101  008F                     	;# 
   102  0090                     	;# 
   103  0091                     	;# 
   104  0092                     	;# 
   105  0093                     	;# 
   106  0093                     	;# 
   107  0093                     	;# 
   108  0094                     	;# 
   109  0095                     	;# 
   110  0096                     	;# 
   111  0097                     	;# 
   112  0098                     	;# 
   113  0099                     	;# 
   114  009A                     	;# 
   115  009B                     	;# 
   116  009C                     	;# 
   117  009D                     	;# 
   118  009E                     	;# 
   119  009F                     	;# 
   120  0105                     	;# 
   121  0107                     	;# 
   122  0108                     	;# 
   123  0109                     	;# 
   124  010C                     	;# 
   125  010C                     	;# 
   126  010D                     	;# 
   127  010E                     	;# 
   128  010F                     	;# 
   129  0185                     	;# 
   130  0187                     	;# 
   131  0188                     	;# 
   132  0189                     	;# 
   133  018C                     	;# 
   134  018D                     	;# 
   135  0000                     	;# 
   136  0001                     	;# 
   137  0002                     	;# 
   138  0003                     	;# 
   139  0004                     	;# 
   140  0005                     	;# 
   141  0006                     	;# 
   142  0007                     	;# 
   143  0008                     	;# 
   144  0009                     	;# 
   145  000A                     	;# 
   146  000B                     	;# 
   147  000C                     	;# 
   148  000D                     	;# 
   149  000E                     	;# 
   150  000E                     	;# 
   151  000F                     	;# 
   152  0010                     	;# 
   153  0011                     	;# 
   154  0012                     	;# 
   155  0013                     	;# 
   156  0014                     	;# 
   157  0015                     	;# 
   158  0015                     	;# 
   159  0016                     	;# 
   160  0017                     	;# 
   161  0018                     	;# 
   162  0019                     	;# 
   163  001A                     	;# 
   164  001B                     	;# 
   165  001B                     	;# 
   166  001C                     	;# 
   167  001D                     	;# 
   168  001E                     	;# 
   169  001F                     	;# 
   170  0081                     	;# 
   171  0085                     	;# 
   172  0086                     	;# 
   173  0087                     	;# 
   174  0088                     	;# 
   175  0089                     	;# 
   176  008C                     	;# 
   177  008D                     	;# 
   178  008E                     	;# 
   179  008F                     	;# 
   180  0090                     	;# 
   181  0091                     	;# 
   182  0092                     	;# 
   183  0093                     	;# 
   184  0093                     	;# 
   185  0093                     	;# 
   186  0094                     	;# 
   187  0095                     	;# 
   188  0096                     	;# 
   189  0097                     	;# 
   190  0098                     	;# 
   191  0099                     	;# 
   192  009A                     	;# 
   193  009B                     	;# 
   194  009C                     	;# 
   195  009D                     	;# 
   196  009E                     	;# 
   197  009F                     	;# 
   198  0105                     	;# 
   199  0107                     	;# 
   200  0108                     	;# 
   201  0109                     	;# 
   202  010C                     	;# 
   203  010C                     	;# 
   204  010D                     	;# 
   205  010E                     	;# 
   206  010F                     	;# 
   207  0185                     	;# 
   208  0187                     	;# 
   209  0188                     	;# 
   210  0189                     	;# 
   211  018C                     	;# 
   212  018D                     	;# 
   213                           
   214                           	psect	idataBANK0
   215  01EC                     __pidataBANK0:
   216                           
   217                           ;initializer for _tabla
   218  01EC  343F               	retlw	63
   219  01ED  3406               	retlw	6
   220  01EE  345B               	retlw	91
   221  01EF  344F               	retlw	79
   222  01F0  3466               	retlw	102
   223  01F1  346D               	retlw	109
   224  01F2  347D               	retlw	125
   225  01F3  3407               	retlw	7
   226  01F4  347F               	retlw	127
   227  01F5  3467               	retlw	103
   228                           
   229                           	psect	nvCOMMON
   230  0075                     __pnvCOMMON:
   231  0075                     _variable:
   232  0075                     	ds	2
   233                           
   234                           	psect	nvBANK0
   235  0034                     __pnvBANK0:
   236  0034                     _residuo:
   237  0034                     	ds	2
   238  0036                     _centena:
   239  0036                     	ds	2
   240  0038                     _decena:
   241  0038                     	ds	2
   242  003A                     _unidad:
   243  003A                     	ds	2
   244  0006                     _PORTB	set	6
   245  0007                     _PORTC	set	7
   246  0008                     _PORTD	set	8
   247  0001                     _TMR0	set	1
   248  000B                     _INTCONbits	set	11
   249  0006                     _PORTBbits	set	6
   250  0031                     _RB1	set	49
   251  0030                     _RB0	set	48
   252  0058                     _RBIF	set	88
   253  005A                     _T0IF	set	90
   254  0081                     _OPTION_REGbits	set	129
   255  0096                     _IOCBbits	set	150
   256  008F                     _OSCCONbits	set	143
   257  0088                     _TRISD	set	136
   258  0087                     _TRISC	set	135
   259  0086                     _TRISB	set	134
   260  0189                     _ANSELH	set	393
   261  0188                     _ANSEL	set	392
   262                           
   263                           	psect	cinit
   264  0011                     start_initialization:	
   265                           ; #config settings
   266                           
   267  0011                     __initialization:
   268                           
   269                           ; Initialize objects allocated to BANK0
   270  0011  1383               	bcf	3,7	;select IRP bank0
   271  0012  302A               	movlw	low (__pdataBANK0+10)
   272  0013  00FD               	movwf	btemp+-1
   273  0014  3001               	movlw	high __pidataBANK0
   274  0015  00FE               	movwf	btemp
   275  0016  30EC               	movlw	low __pidataBANK0
   276  0017  00FF               	movwf	btemp+1
   277  0018  3020               	movlw	low __pdataBANK0
   278  0019  0084               	movwf	4
   279  001A  120A  118A  21DD  120A  118A  	fcall	init_ram0
   280                           
   281                           ; Clear objects allocated to COMMON
   282  001F  01F7               	clrf	__pbssCOMMON& (0+127)
   283  0020  01F8               	clrf	(__pbssCOMMON+1)& (0+127)
   284  0021                     end_of_initialization:	
   285                           ;End of C runtime variable initialization code
   286                           
   287  0021                     __end_of__initialization:
   288  0021  0183               	clrf	3
   289  0022  120A  118A  29C2   	ljmp	_main	;jump to C main() function
   290                           
   291                           	psect	bssCOMMON
   292  0077                     __pbssCOMMON:
   293  0077                     _flags:
   294  0077                     	ds	2
   295                           
   296                           	psect	dataBANK0
   297  0020                     __pdataBANK0:
   298  0020                     _tabla:
   299  0020                     	ds	10
   300                           
   301                           	psect	inittext
   302  01D9                     init_fetch0:	
   303                           ;	Called with low address in FSR and high address in W
   304                           
   305  01D9  087E               	movf	btemp,w
   306  01DA  008A               	movwf	10
   307  01DB  087F               	movf	btemp+1,w
   308  01DC  0082               	movwf	2
   309  01DD                     init_ram0:	
   310                           ;Called with:
   311                           ;	high address of idata address in btemp 
   312                           ;	low address of idata address in btemp+1 
   313                           ;	low address of data in FSR
   314                           ;	high address + 1 of data in btemp-1
   315                           
   316  01DD  120A  118A  21D9  120A  118A  	fcall	init_fetch0
   317  01E2  0080               	movwf	0
   318  01E3  0A84               	incf	4,f
   319  01E4  0804               	movf	4,w
   320  01E5  067D               	xorwf	btemp+-1,w
   321  01E6  1903               	btfsc	3,2
   322  01E7  3400               	retlw	0
   323  01E8  0AFF               	incf	btemp+1,f
   324  01E9  1903               	btfsc	3,2
   325  01EA  0AFE               	incf	btemp,f
   326  01EB  29DD               	goto	init_ram0
   327                           
   328                           	psect	cstackCOMMON
   329  0070                     __pcstackCOMMON:
   330  0070                     ?_setup:
   331  0070                     ?_isr:	
   332                           ; 1 bytes @ 0x0
   333                           
   334  0070                     ??_isr:	
   335                           ; 1 bytes @ 0x0
   336                           
   337  0070                     ?_main:	
   338                           ; 1 bytes @ 0x0
   339                           
   340  0070                     ?_decimal:	
   341                           ; 1 bytes @ 0x0
   342                           
   343                           
   344                           ; 2 bytes @ 0x0
   345  0070                     	ds	4
   346  0074                     ??_setup:
   347  0074                     ??___awdiv:	
   348                           ; 1 bytes @ 0x4
   349                           
   350  0074                     ??___awmod:	
   351                           ; 1 bytes @ 0x4
   352                           
   353                           
   354                           ; 1 bytes @ 0x4
   355  0074                     	ds	1
   356  0075                     ??_decimal:
   357                           
   358                           	psect	cstackBANK0
   359  002A                     __pcstackBANK0:	
   360                           ; 1 bytes @ 0x5
   361                           
   362  002A                     ?___awdiv:
   363  002A                     ?___awmod:	
   364                           ; 2 bytes @ 0x0
   365                           
   366  002A                     ___awdiv@divisor:	
   367                           ; 2 bytes @ 0x0
   368                           
   369  002A                     ___awmod@divisor:	
   370                           ; 2 bytes @ 0x0
   371                           
   372                           
   373                           ; 2 bytes @ 0x0
   374  002A                     	ds	2
   375  002C                     ___awdiv@dividend:
   376  002C                     ___awmod@dividend:	
   377                           ; 2 bytes @ 0x2
   378                           
   379                           
   380                           ; 2 bytes @ 0x2
   381  002C                     	ds	2
   382  002E                     ___awdiv@counter:
   383  002E                     ___awmod@counter:	
   384                           ; 1 bytes @ 0x4
   385                           
   386                           
   387                           ; 1 bytes @ 0x4
   388  002E                     	ds	1
   389  002F                     ___awdiv@sign:
   390  002F                     ___awmod@sign:	
   391                           ; 1 bytes @ 0x5
   392                           
   393                           
   394                           ; 1 bytes @ 0x5
   395  002F                     	ds	1
   396  0030                     ___awdiv@quotient:
   397                           
   398                           ; 2 bytes @ 0x6
   399  0030                     	ds	2
   400  0032                     ??_main:
   401                           
   402                           ; 1 bytes @ 0x8
   403  0032                     	ds	2
   404                           
   405                           	psect	maintext
   406  01C2                     __pmaintext:	
   407 ;;
   408 ;;Main: autosize = 0, tempsize = 2, incstack = 0, save=0
   409 ;;
   410 ;; *************** function _main *****************
   411 ;; Defined at:
   412 ;;		line 111 in file "Lab07.c"
   413 ;; Parameters:    Size  Location     Type
   414 ;;		None
   415 ;; Auto vars:     Size  Location     Type
   416 ;;		None
   417 ;; Return value:  Size  Location     Type
   418 ;;                  1    wreg      void 
   419 ;; Registers used:
   420 ;;		wreg, status,2, status,0, pclath, cstack
   421 ;; Tracked objects:
   422 ;;		On entry : B00/0
   423 ;;		On exit  : 0/0
   424 ;;		Unchanged: 0/0
   425 ;; Data sizes:     COMMON   BANK0   BANK1   BANK3   BANK2
   426 ;;      Params:         0       0       0       0       0
   427 ;;      Locals:         0       0       0       0       0
   428 ;;      Temps:          0       2       0       0       0
   429 ;;      Totals:         0       2       0       0       0
   430 ;;Total ram usage:        2 bytes
   431 ;; Hardware stack levels required when called:    3
   432 ;; This function calls:
   433 ;;		_decimal
   434 ;;		_setup
   435 ;; This function is called by:
   436 ;;		Startup code after reset
   437 ;; This function uses a non-reentrant model
   438 ;;
   439                           
   440                           
   441                           ;psect for function _main
   442  01C2                     _main:
   443  01C2                     l1070:	
   444                           ;incstack = 0
   445                           ; Regs used in _main: [wreg+status,2+status,0+pclath+cstack]
   446                           
   447                           
   448                           ;Lab07.c: 112:     setup();
   449  01C2  120A  118A  219A  120A  118A  	fcall	_setup
   450  01C7                     l1072:
   451                           
   452                           ;Lab07.c: 119:     {;Lab07.c: 120:         variable = PORTC;
   453  01C7  1283               	bcf	3,5	;RP0=0, select bank0
   454  01C8  1303               	bcf	3,6	;RP1=0, select bank0
   455  01C9  0807               	movf	7,w	;volatile
   456  01CA  00B2               	movwf	??_main
   457  01CB  01B3               	clrf	??_main+1
   458  01CC  0832               	movf	??_main,w
   459  01CD  00F5               	movwf	_variable
   460  01CE  0833               	movf	??_main+1,w
   461  01CF  00F6               	movwf	_variable+1
   462  01D0                     l1074:
   463                           
   464                           ;Lab07.c: 121:         decimal();
   465  01D0  120A  118A  214B  120A  118A  	fcall	_decimal
   466  01D5  29C7               	goto	l1072
   467  01D6  120A  118A  280E   	ljmp	start
   468  01D9                     __end_of_main:
   469                           
   470                           	psect	text1
   471  019A                     __ptext1:	
   472 ;; *************** function _setup *****************
   473 ;; Defined at:
   474 ;;		line 158 in file "Lab07.c"
   475 ;; Parameters:    Size  Location     Type
   476 ;;		None
   477 ;; Auto vars:     Size  Location     Type
   478 ;;		None
   479 ;; Return value:  Size  Location     Type
   480 ;;                  1    wreg      void 
   481 ;; Registers used:
   482 ;;		wreg, status,2
   483 ;; Tracked objects:
   484 ;;		On entry : 0/0
   485 ;;		On exit  : 0/0
   486 ;;		Unchanged: 0/0
   487 ;; Data sizes:     COMMON   BANK0   BANK1   BANK3   BANK2
   488 ;;      Params:         0       0       0       0       0
   489 ;;      Locals:         0       0       0       0       0
   490 ;;      Temps:          0       0       0       0       0
   491 ;;      Totals:         0       0       0       0       0
   492 ;;Total ram usage:        0 bytes
   493 ;; Hardware stack levels used:    1
   494 ;; Hardware stack levels required when called:    1
   495 ;; This function calls:
   496 ;;		Nothing
   497 ;; This function is called by:
   498 ;;		_main
   499 ;; This function uses a non-reentrant model
   500 ;;
   501                           
   502                           
   503                           ;psect for function _setup
   504  019A                     _setup:
   505  019A                     l756:	
   506                           ;incstack = 0
   507                           ; Regs used in _setup: [wreg+status,2]
   508                           
   509                           
   510                           ;Lab07.c: 160:     ANSEL = 0X00;
   511  019A  1683               	bsf	3,5	;RP0=1, select bank3
   512  019B  1703               	bsf	3,6	;RP1=1, select bank3
   513  019C  0188               	clrf	8	;volatile
   514                           
   515                           ;Lab07.c: 161:     ANSELH = 0X00;
   516  019D  0189               	clrf	9	;volatile
   517  019E                     l758:
   518                           
   519                           ;Lab07.c: 163:     TRISB = 0X03;
   520  019E  3003               	movlw	3
   521  019F  1683               	bsf	3,5	;RP0=1, select bank1
   522  01A0  1303               	bcf	3,6	;RP1=0, select bank1
   523  01A1  0086               	movwf	6	;volatile
   524  01A2                     l760:
   525                           
   526                           ;Lab07.c: 164:     TRISC = 0X00;
   527  01A2  0187               	clrf	7	;volatile
   528  01A3                     l762:
   529                           
   530                           ;Lab07.c: 165:     TRISD = 0X00;
   531  01A3  0188               	clrf	8	;volatile
   532  01A4                     l764:
   533                           
   534                           ;Lab07.c: 167:     PORTB = 0X00;
   535  01A4  1283               	bcf	3,5	;RP0=0, select bank0
   536  01A5  1303               	bcf	3,6	;RP1=0, select bank0
   537  01A6  0186               	clrf	6	;volatile
   538  01A7                     l766:
   539                           
   540                           ;Lab07.c: 168:     PORTC = 0X00;
   541  01A7  0187               	clrf	7	;volatile
   542  01A8                     l768:
   543                           
   544                           ;Lab07.c: 169:     PORTD = 0X00;
   545  01A8  0188               	clrf	8	;volatile
   546  01A9                     l770:
   547                           
   548                           ;Lab07.c: 172:     OSCCONbits.IRCF2 = 1;
   549  01A9  1683               	bsf	3,5	;RP0=1, select bank1
   550  01AA  1303               	bcf	3,6	;RP1=0, select bank1
   551  01AB  170F               	bsf	15,6	;volatile
   552  01AC                     l772:
   553                           
   554                           ;Lab07.c: 173:     OSCCONbits.IRCF1 = 1;
   555  01AC  168F               	bsf	15,5	;volatile
   556  01AD                     l774:
   557                           
   558                           ;Lab07.c: 174:     OSCCONbits.IRCF0 = 1;
   559  01AD  160F               	bsf	15,4	;volatile
   560  01AE                     l776:
   561                           
   562                           ;Lab07.c: 175:     OSCCONbits.SCS = 1;
   563  01AE  140F               	bsf	15,0	;volatile
   564  01AF                     l778:
   565                           
   566                           ;Lab07.c: 178:     INTCONbits.GIE = 1;
   567  01AF  178B               	bsf	11,7	;volatile
   568  01B0                     l780:
   569                           
   570                           ;Lab07.c: 179:     INTCONbits.T0IE = 1;
   571  01B0  168B               	bsf	11,5	;volatile
   572  01B1                     l782:
   573                           
   574                           ;Lab07.c: 180:     INTCONbits.RBIE = 1;
   575  01B1  158B               	bsf	11,3	;volatile
   576  01B2                     l784:
   577                           
   578                           ;Lab07.c: 181:     INTCONbits.T0IF = 0;
   579  01B2  110B               	bcf	11,2	;volatile
   580  01B3                     l786:
   581                           
   582                           ;Lab07.c: 182:     INTCONbits.RBIF = 0;
   583  01B3  100B               	bcf	11,0	;volatile
   584  01B4                     l788:
   585                           
   586                           ;Lab07.c: 185:     IOCBbits.IOCB0 = 1;
   587  01B4  1416               	bsf	22,0	;volatile
   588  01B5                     l790:
   589                           
   590                           ;Lab07.c: 186:     IOCBbits.IOCB1 = 1;
   591  01B5  1496               	bsf	22,1	;volatile
   592  01B6                     l792:
   593                           
   594                           ;Lab07.c: 189:     OPTION_REGbits.PSA = 0;
   595  01B6  1181               	bcf	1,3	;volatile
   596  01B7                     l794:
   597                           
   598                           ;Lab07.c: 190:     OPTION_REGbits.T0CS = 0;
   599  01B7  1281               	bcf	1,5	;volatile
   600  01B8                     l796:
   601                           
   602                           ;Lab07.c: 191:     OPTION_REGbits.PS2 = 1;
   603  01B8  1501               	bsf	1,2	;volatile
   604  01B9                     l798:
   605                           
   606                           ;Lab07.c: 192:     OPTION_REGbits.PS1 = 1;
   607  01B9  1481               	bsf	1,1	;volatile
   608  01BA                     l800:
   609                           
   610                           ;Lab07.c: 193:     OPTION_REGbits.PS0 = 1;
   611  01BA  1401               	bsf	1,0	;volatile
   612                           
   613                           ;Lab07.c: 194:     TMR0 = 217;
   614  01BB  30D9               	movlw	217
   615  01BC  1283               	bcf	3,5	;RP0=0, select bank0
   616  01BD  1303               	bcf	3,6	;RP1=0, select bank0
   617  01BE  0081               	movwf	1	;volatile
   618  01BF                     l802:
   619                           
   620                           ;Lab07.c: 197:     flags = 0X00;
   621  01BF  01F7               	clrf	_flags
   622  01C0  01F8               	clrf	_flags+1
   623  01C1                     l79:
   624  01C1  0008               	return
   625  01C2                     __end_of_setup:
   626                           
   627                           	psect	text2
   628  014B                     __ptext2:	
   629 ;; *************** function _decimal *****************
   630 ;; Defined at:
   631 ;;		line 201 in file "Lab07.c"
   632 ;; Parameters:    Size  Location     Type
   633 ;;		None
   634 ;; Auto vars:     Size  Location     Type
   635 ;;		None
   636 ;; Return value:  Size  Location     Type
   637 ;;                  2   22[None  ] int 
   638 ;; Registers used:
   639 ;;		wreg, status,2, status,0, pclath, cstack
   640 ;; Tracked objects:
   641 ;;		On entry : 0/0
   642 ;;		On exit  : 0/0
   643 ;;		Unchanged: 0/0
   644 ;; Data sizes:     COMMON   BANK0   BANK1   BANK3   BANK2
   645 ;;      Params:         0       0       0       0       0
   646 ;;      Locals:         0       0       0       0       0
   647 ;;      Temps:          0       0       0       0       0
   648 ;;      Totals:         0       0       0       0       0
   649 ;;Total ram usage:        0 bytes
   650 ;; Hardware stack levels used:    1
   651 ;; Hardware stack levels required when called:    2
   652 ;; This function calls:
   653 ;;		___awdiv
   654 ;;		___awmod
   655 ;; This function is called by:
   656 ;;		_main
   657 ;; This function uses a non-reentrant model
   658 ;;
   659                           
   660                           
   661                           ;psect for function _decimal
   662  014B                     _decimal:
   663  014B                     l1068:	
   664                           ;incstack = 0
   665                           ; Regs used in _decimal: [wreg+status,2+status,0+pclath+cstack]
   666                           
   667                           
   668                           ;Lab07.c: 202:     centena = variable/100;
   669  014B  3064               	movlw	100
   670  014C  1283               	bcf	3,5	;RP0=0, select bank0
   671  014D  1303               	bcf	3,6	;RP1=0, select bank0
   672  014E  00AA               	movwf	___awdiv@divisor
   673  014F  3000               	movlw	0
   674  0150  00AB               	movwf	___awdiv@divisor+1
   675  0151  0876               	movf	_variable+1,w
   676  0152  00AD               	movwf	___awdiv@dividend+1
   677  0153  0875               	movf	_variable,w
   678  0154  00AC               	movwf	___awdiv@dividend
   679  0155  120A  118A  2025  120A  118A  	fcall	___awdiv
   680  015A  1283               	bcf	3,5	;RP0=0, select bank0
   681  015B  1303               	bcf	3,6	;RP1=0, select bank0
   682  015C  082B               	movf	?___awdiv+1,w
   683  015D  00B7               	movwf	_centena+1
   684  015E  082A               	movf	?___awdiv,w
   685  015F  00B6               	movwf	_centena
   686                           
   687                           ;Lab07.c: 203:     residuo = variable%100;
   688  0160  3064               	movlw	100
   689  0161  00AA               	movwf	___awmod@divisor
   690  0162  3000               	movlw	0
   691  0163  00AB               	movwf	___awmod@divisor+1
   692  0164  0876               	movf	_variable+1,w
   693  0165  00AD               	movwf	___awmod@dividend+1
   694  0166  0875               	movf	_variable,w
   695  0167  00AC               	movwf	___awmod@dividend
   696  0168  120A  118A  20F0  120A  118A  	fcall	___awmod
   697  016D  1283               	bcf	3,5	;RP0=0, select bank0
   698  016E  1303               	bcf	3,6	;RP1=0, select bank0
   699  016F  082B               	movf	?___awmod+1,w
   700  0170  00B5               	movwf	_residuo+1
   701  0171  082A               	movf	?___awmod,w
   702  0172  00B4               	movwf	_residuo
   703                           
   704                           ;Lab07.c: 204:     decena = residuo/10;
   705  0173  300A               	movlw	10
   706  0174  00AA               	movwf	___awdiv@divisor
   707  0175  3000               	movlw	0
   708  0176  00AB               	movwf	___awdiv@divisor+1
   709  0177  0835               	movf	_residuo+1,w
   710  0178  00AD               	movwf	___awdiv@dividend+1
   711  0179  0834               	movf	_residuo,w
   712  017A  00AC               	movwf	___awdiv@dividend
   713  017B  120A  118A  2025  120A  118A  	fcall	___awdiv
   714  0180  1283               	bcf	3,5	;RP0=0, select bank0
   715  0181  1303               	bcf	3,6	;RP1=0, select bank0
   716  0182  082B               	movf	?___awdiv+1,w
   717  0183  00B9               	movwf	_decena+1
   718  0184  082A               	movf	?___awdiv,w
   719  0185  00B8               	movwf	_decena
   720                           
   721                           ;Lab07.c: 205:     unidad = residuo%10;
   722  0186  300A               	movlw	10
   723  0187  00AA               	movwf	___awmod@divisor
   724  0188  3000               	movlw	0
   725  0189  00AB               	movwf	___awmod@divisor+1
   726  018A  0835               	movf	_residuo+1,w
   727  018B  00AD               	movwf	___awmod@dividend+1
   728  018C  0834               	movf	_residuo,w
   729  018D  00AC               	movwf	___awmod@dividend
   730  018E  120A  118A  20F0  120A  118A  	fcall	___awmod
   731  0193  1283               	bcf	3,5	;RP0=0, select bank0
   732  0194  1303               	bcf	3,6	;RP1=0, select bank0
   733  0195  082B               	movf	?___awmod+1,w
   734  0196  00BB               	movwf	_unidad+1
   735  0197  082A               	movf	?___awmod,w
   736  0198  00BA               	movwf	_unidad
   737  0199                     l82:
   738  0199  0008               	return
   739  019A                     __end_of_decimal:
   740                           
   741                           	psect	text3
   742  00F0                     __ptext3:	
   743 ;; *************** function ___awmod *****************
   744 ;; Defined at:
   745 ;;		line 5 in file "C:\Program Files\Microchip\xc8\v2.31\pic\sources\c90\common\awmod.c"
   746 ;; Parameters:    Size  Location     Type
   747 ;;  divisor         2    0[BANK0 ] int 
   748 ;;  dividend        2    2[BANK0 ] int 
   749 ;; Auto vars:     Size  Location     Type
   750 ;;  sign            1    5[BANK0 ] unsigned char 
   751 ;;  counter         1    4[BANK0 ] unsigned char 
   752 ;; Return value:  Size  Location     Type
   753 ;;                  2    0[BANK0 ] int 
   754 ;; Registers used:
   755 ;;		wreg, status,2, status,0
   756 ;; Tracked objects:
   757 ;;		On entry : 0/0
   758 ;;		On exit  : 0/0
   759 ;;		Unchanged: 0/0
   760 ;; Data sizes:     COMMON   BANK0   BANK1   BANK3   BANK2
   761 ;;      Params:         0       4       0       0       0
   762 ;;      Locals:         0       2       0       0       0
   763 ;;      Temps:          1       0       0       0       0
   764 ;;      Totals:         1       6       0       0       0
   765 ;;Total ram usage:        7 bytes
   766 ;; Hardware stack levels used:    1
   767 ;; Hardware stack levels required when called:    1
   768 ;; This function calls:
   769 ;;		Nothing
   770 ;; This function is called by:
   771 ;;		_decimal
   772 ;; This function uses a non-reentrant model
   773 ;;
   774                           
   775                           
   776                           ;psect for function ___awmod
   777  00F0                     ___awmod:
   778  00F0                     l1030:	
   779                           ;incstack = 0
   780                           ; Regs used in ___awmod: [wreg+status,2+status,0]
   781                           
   782  00F0  1283               	bcf	3,5	;RP0=0, select bank0
   783  00F1  1303               	bcf	3,6	;RP1=0, select bank0
   784  00F2  01AF               	clrf	___awmod@sign
   785  00F3                     l1032:
   786  00F3  1FAD               	btfss	___awmod@dividend+1,7
   787  00F4  28F6               	goto	u631
   788  00F5  28F7               	goto	u630
   789  00F6                     u631:
   790  00F6  28FE               	goto	l1038
   791  00F7                     u630:
   792  00F7                     l1034:
   793  00F7  09AC               	comf	___awmod@dividend,f
   794  00F8  09AD               	comf	___awmod@dividend+1,f
   795  00F9  0AAC               	incf	___awmod@dividend,f
   796  00FA  1903               	skipnz
   797  00FB  0AAD               	incf	___awmod@dividend+1,f
   798  00FC                     l1036:
   799  00FC  01AF               	clrf	___awmod@sign
   800  00FD  0AAF               	incf	___awmod@sign,f
   801  00FE                     l1038:
   802  00FE  1FAB               	btfss	___awmod@divisor+1,7
   803  00FF  2901               	goto	u641
   804  0100  2902               	goto	u640
   805  0101                     u641:
   806  0101  2907               	goto	l1042
   807  0102                     u640:
   808  0102                     l1040:
   809  0102  09AA               	comf	___awmod@divisor,f
   810  0103  09AB               	comf	___awmod@divisor+1,f
   811  0104  0AAA               	incf	___awmod@divisor,f
   812  0105  1903               	skipnz
   813  0106  0AAB               	incf	___awmod@divisor+1,f
   814  0107                     l1042:
   815  0107  082A               	movf	___awmod@divisor,w
   816  0108  042B               	iorwf	___awmod@divisor+1,w
   817  0109  1903               	btfsc	3,2
   818  010A  290C               	goto	u651
   819  010B  290D               	goto	u650
   820  010C                     u651:
   821  010C  293C               	goto	l1060
   822  010D                     u650:
   823  010D                     l1044:
   824  010D  01AE               	clrf	___awmod@counter
   825  010E  0AAE               	incf	___awmod@counter,f
   826  010F  291B               	goto	l1050
   827  0110                     l1046:
   828  0110  3001               	movlw	1
   829  0111                     u665:
   830  0111  1003               	clrc
   831  0112  0DAA               	rlf	___awmod@divisor,f
   832  0113  0DAB               	rlf	___awmod@divisor+1,f
   833  0114  3EFF               	addlw	-1
   834  0115  1D03               	skipz
   835  0116  2911               	goto	u665
   836  0117                     l1048:
   837  0117  3001               	movlw	1
   838  0118  00F4               	movwf	??___awmod
   839  0119  0874               	movf	??___awmod,w
   840  011A  07AE               	addwf	___awmod@counter,f
   841  011B                     l1050:
   842  011B  1FAB               	btfss	___awmod@divisor+1,7
   843  011C  291E               	goto	u671
   844  011D  291F               	goto	u670
   845  011E                     u671:
   846  011E  2910               	goto	l1046
   847  011F                     u670:
   848  011F                     l1052:
   849  011F  082B               	movf	___awmod@divisor+1,w
   850  0120  022D               	subwf	___awmod@dividend+1,w
   851  0121  1D03               	skipz
   852  0122  2925               	goto	u685
   853  0123  082A               	movf	___awmod@divisor,w
   854  0124  022C               	subwf	___awmod@dividend,w
   855  0125                     u685:
   856  0125  1C03               	skipc
   857  0126  2928               	goto	u681
   858  0127  2929               	goto	u680
   859  0128                     u681:
   860  0128  292F               	goto	l1056
   861  0129                     u680:
   862  0129                     l1054:
   863  0129  082A               	movf	___awmod@divisor,w
   864  012A  02AC               	subwf	___awmod@dividend,f
   865  012B  082B               	movf	___awmod@divisor+1,w
   866  012C  1C03               	skipc
   867  012D  03AD               	decf	___awmod@dividend+1,f
   868  012E  02AD               	subwf	___awmod@dividend+1,f
   869  012F                     l1056:
   870  012F  3001               	movlw	1
   871  0130                     u695:
   872  0130  1003               	clrc
   873  0131  0CAB               	rrf	___awmod@divisor+1,f
   874  0132  0CAA               	rrf	___awmod@divisor,f
   875  0133  3EFF               	addlw	-1
   876  0134  1D03               	skipz
   877  0135  2930               	goto	u695
   878  0136                     l1058:
   879  0136  3001               	movlw	1
   880  0137  02AE               	subwf	___awmod@counter,f
   881  0138  1D03               	btfss	3,2
   882  0139  293B               	goto	u701
   883  013A  293C               	goto	u700
   884  013B                     u701:
   885  013B  291F               	goto	l1052
   886  013C                     u700:
   887  013C                     l1060:
   888  013C  082F               	movf	___awmod@sign,w
   889  013D  1903               	btfsc	3,2
   890  013E  2940               	goto	u711
   891  013F  2941               	goto	u710
   892  0140                     u711:
   893  0140  2946               	goto	l1064
   894  0141                     u710:
   895  0141                     l1062:
   896  0141  09AC               	comf	___awmod@dividend,f
   897  0142  09AD               	comf	___awmod@dividend+1,f
   898  0143  0AAC               	incf	___awmod@dividend,f
   899  0144  1903               	skipnz
   900  0145  0AAD               	incf	___awmod@dividend+1,f
   901  0146                     l1064:
   902  0146  082D               	movf	___awmod@dividend+1,w
   903  0147  00AB               	movwf	?___awmod+1
   904  0148  082C               	movf	___awmod@dividend,w
   905  0149  00AA               	movwf	?___awmod
   906  014A                     l334:
   907  014A  0008               	return
   908  014B                     __end_of___awmod:
   909                           
   910                           	psect	text4
   911  0025                     __ptext4:	
   912 ;; *************** function ___awdiv *****************
   913 ;; Defined at:
   914 ;;		line 5 in file "C:\Program Files\Microchip\xc8\v2.31\pic\sources\c90\common\awdiv.c"
   915 ;; Parameters:    Size  Location     Type
   916 ;;  divisor         2    0[BANK0 ] int 
   917 ;;  dividend        2    2[BANK0 ] int 
   918 ;; Auto vars:     Size  Location     Type
   919 ;;  quotient        2    6[BANK0 ] int 
   920 ;;  sign            1    5[BANK0 ] unsigned char 
   921 ;;  counter         1    4[BANK0 ] unsigned char 
   922 ;; Return value:  Size  Location     Type
   923 ;;                  2    0[BANK0 ] int 
   924 ;; Registers used:
   925 ;;		wreg, status,2, status,0
   926 ;; Tracked objects:
   927 ;;		On entry : 0/0
   928 ;;		On exit  : 0/0
   929 ;;		Unchanged: 0/0
   930 ;; Data sizes:     COMMON   BANK0   BANK1   BANK3   BANK2
   931 ;;      Params:         0       4       0       0       0
   932 ;;      Locals:         0       4       0       0       0
   933 ;;      Temps:          1       0       0       0       0
   934 ;;      Totals:         1       8       0       0       0
   935 ;;Total ram usage:        9 bytes
   936 ;; Hardware stack levels used:    1
   937 ;; Hardware stack levels required when called:    1
   938 ;; This function calls:
   939 ;;		Nothing
   940 ;; This function is called by:
   941 ;;		_decimal
   942 ;; This function uses a non-reentrant model
   943 ;;
   944                           
   945                           
   946                           ;psect for function ___awdiv
   947  0025                     ___awdiv:
   948  0025                     l986:	
   949                           ;incstack = 0
   950                           ; Regs used in ___awdiv: [wreg+status,2+status,0]
   951                           
   952  0025  1283               	bcf	3,5	;RP0=0, select bank0
   953  0026  1303               	bcf	3,6	;RP1=0, select bank0
   954  0027  01AF               	clrf	___awdiv@sign
   955  0028                     l988:
   956  0028  1FAB               	btfss	___awdiv@divisor+1,7
   957  0029  282B               	goto	u531
   958  002A  282C               	goto	u530
   959  002B                     u531:
   960  002B  2833               	goto	l994
   961  002C                     u530:
   962  002C                     l990:
   963  002C  09AA               	comf	___awdiv@divisor,f
   964  002D  09AB               	comf	___awdiv@divisor+1,f
   965  002E  0AAA               	incf	___awdiv@divisor,f
   966  002F  1903               	skipnz
   967  0030  0AAB               	incf	___awdiv@divisor+1,f
   968  0031                     l992:
   969  0031  01AF               	clrf	___awdiv@sign
   970  0032  0AAF               	incf	___awdiv@sign,f
   971  0033                     l994:
   972  0033  1FAD               	btfss	___awdiv@dividend+1,7
   973  0034  2836               	goto	u541
   974  0035  2837               	goto	u540
   975  0036                     u541:
   976  0036  2840               	goto	l1000
   977  0037                     u540:
   978  0037                     l996:
   979  0037  09AC               	comf	___awdiv@dividend,f
   980  0038  09AD               	comf	___awdiv@dividend+1,f
   981  0039  0AAC               	incf	___awdiv@dividend,f
   982  003A  1903               	skipnz
   983  003B  0AAD               	incf	___awdiv@dividend+1,f
   984  003C                     l998:
   985  003C  3001               	movlw	1
   986  003D  00F4               	movwf	??___awdiv
   987  003E  0874               	movf	??___awdiv,w
   988  003F  06AF               	xorwf	___awdiv@sign,f
   989  0040                     l1000:
   990  0040  01B0               	clrf	___awdiv@quotient
   991  0041  01B1               	clrf	___awdiv@quotient+1
   992  0042                     l1002:
   993  0042  082A               	movf	___awdiv@divisor,w
   994  0043  042B               	iorwf	___awdiv@divisor+1,w
   995  0044  1903               	btfsc	3,2
   996  0045  2847               	goto	u551
   997  0046  2848               	goto	u550
   998  0047                     u551:
   999  0047  287F               	goto	l1022
  1000  0048                     u550:
  1001  0048                     l1004:
  1002  0048  01AE               	clrf	___awdiv@counter
  1003  0049  0AAE               	incf	___awdiv@counter,f
  1004  004A  2856               	goto	l1010
  1005  004B                     l1006:
  1006  004B  3001               	movlw	1
  1007  004C                     u565:
  1008  004C  1003               	clrc
  1009  004D  0DAA               	rlf	___awdiv@divisor,f
  1010  004E  0DAB               	rlf	___awdiv@divisor+1,f
  1011  004F  3EFF               	addlw	-1
  1012  0050  1D03               	skipz
  1013  0051  284C               	goto	u565
  1014  0052                     l1008:
  1015  0052  3001               	movlw	1
  1016  0053  00F4               	movwf	??___awdiv
  1017  0054  0874               	movf	??___awdiv,w
  1018  0055  07AE               	addwf	___awdiv@counter,f
  1019  0056                     l1010:
  1020  0056  1FAB               	btfss	___awdiv@divisor+1,7
  1021  0057  2859               	goto	u571
  1022  0058  285A               	goto	u570
  1023  0059                     u571:
  1024  0059  284B               	goto	l1006
  1025  005A                     u570:
  1026  005A                     l1012:
  1027  005A  3001               	movlw	1
  1028  005B                     u585:
  1029  005B  1003               	clrc
  1030  005C  0DB0               	rlf	___awdiv@quotient,f
  1031  005D  0DB1               	rlf	___awdiv@quotient+1,f
  1032  005E  3EFF               	addlw	-1
  1033  005F  1D03               	skipz
  1034  0060  285B               	goto	u585
  1035  0061  082B               	movf	___awdiv@divisor+1,w
  1036  0062  022D               	subwf	___awdiv@dividend+1,w
  1037  0063  1D03               	skipz
  1038  0064  2867               	goto	u595
  1039  0065  082A               	movf	___awdiv@divisor,w
  1040  0066  022C               	subwf	___awdiv@dividend,w
  1041  0067                     u595:
  1042  0067  1C03               	skipc
  1043  0068  286A               	goto	u591
  1044  0069  286B               	goto	u590
  1045  006A                     u591:
  1046  006A  2872               	goto	l1018
  1047  006B                     u590:
  1048  006B                     l1014:
  1049  006B  082A               	movf	___awdiv@divisor,w
  1050  006C  02AC               	subwf	___awdiv@dividend,f
  1051  006D  082B               	movf	___awdiv@divisor+1,w
  1052  006E  1C03               	skipc
  1053  006F  03AD               	decf	___awdiv@dividend+1,f
  1054  0070  02AD               	subwf	___awdiv@dividend+1,f
  1055  0071                     l1016:
  1056  0071  1430               	bsf	___awdiv@quotient,0
  1057  0072                     l1018:
  1058  0072  3001               	movlw	1
  1059  0073                     u605:
  1060  0073  1003               	clrc
  1061  0074  0CAB               	rrf	___awdiv@divisor+1,f
  1062  0075  0CAA               	rrf	___awdiv@divisor,f
  1063  0076  3EFF               	addlw	-1
  1064  0077  1D03               	skipz
  1065  0078  2873               	goto	u605
  1066  0079                     l1020:
  1067  0079  3001               	movlw	1
  1068  007A  02AE               	subwf	___awdiv@counter,f
  1069  007B  1D03               	btfss	3,2
  1070  007C  287E               	goto	u611
  1071  007D  287F               	goto	u610
  1072  007E                     u611:
  1073  007E  285A               	goto	l1012
  1074  007F                     u610:
  1075  007F                     l1022:
  1076  007F  082F               	movf	___awdiv@sign,w
  1077  0080  1903               	btfsc	3,2
  1078  0081  2883               	goto	u621
  1079  0082  2884               	goto	u620
  1080  0083                     u621:
  1081  0083  2889               	goto	l1026
  1082  0084                     u620:
  1083  0084                     l1024:
  1084  0084  09B0               	comf	___awdiv@quotient,f
  1085  0085  09B1               	comf	___awdiv@quotient+1,f
  1086  0086  0AB0               	incf	___awdiv@quotient,f
  1087  0087  1903               	skipnz
  1088  0088  0AB1               	incf	___awdiv@quotient+1,f
  1089  0089                     l1026:
  1090  0089  0831               	movf	___awdiv@quotient+1,w
  1091  008A  00AB               	movwf	?___awdiv+1
  1092  008B  0830               	movf	___awdiv@quotient,w
  1093  008C  00AA               	movwf	?___awdiv
  1094  008D                     l321:
  1095  008D  0008               	return
  1096  008E                     __end_of___awdiv:
  1097                           
  1098                           	psect	text5
  1099  008E                     __ptext5:	
  1100 ;; *************** function _isr *****************
  1101 ;; Defined at:
  1102 ;;		line 60 in file "Lab07.c"
  1103 ;; Parameters:    Size  Location     Type
  1104 ;;		None
  1105 ;; Auto vars:     Size  Location     Type
  1106 ;;		None
  1107 ;; Return value:  Size  Location     Type
  1108 ;;                  1    wreg      void 
  1109 ;; Registers used:
  1110 ;;		wreg, fsr0l, fsr0h, status,2, status,0
  1111 ;; Tracked objects:
  1112 ;;		On entry : 0/0
  1113 ;;		On exit  : 0/0
  1114 ;;		Unchanged: 0/0
  1115 ;; Data sizes:     COMMON   BANK0   BANK1   BANK3   BANK2
  1116 ;;      Params:         0       0       0       0       0
  1117 ;;      Locals:         0       0       0       0       0
  1118 ;;      Temps:          4       0       0       0       0
  1119 ;;      Totals:         4       0       0       0       0
  1120 ;;Total ram usage:        4 bytes
  1121 ;; Hardware stack levels used:    1
  1122 ;; This function calls:
  1123 ;;		Nothing
  1124 ;; This function is called by:
  1125 ;;		Interrupt level 1
  1126 ;; This function uses a non-reentrant model
  1127 ;;
  1128                           
  1129                           
  1130                           ;psect for function _isr
  1131  008E                     _isr:
  1132  008E                     i1l938:
  1133                           
  1134                           ;Lab07.c: 62:     if (T0IF == 1)
  1135  008E  1D0B               	btfss	11,2	;volatile
  1136  008F  2891               	goto	u46_21
  1137  0090  2892               	goto	u46_20
  1138  0091                     u46_21:
  1139  0091  28D2               	goto	i1l968
  1140  0092                     u46_20:
  1141  0092                     i1l940:
  1142                           
  1143                           ;Lab07.c: 63:     {;Lab07.c: 64:         PORTBbits.RB2 = 0;
  1144  0092  1283               	bcf	3,5	;RP0=0, select bank0
  1145  0093  1303               	bcf	3,6	;RP1=0, select bank0
  1146  0094  1106               	bcf	6,2	;volatile
  1147                           
  1148                           ;Lab07.c: 65:         PORTBbits.RB3 = 0;
  1149  0095  1186               	bcf	6,3	;volatile
  1150                           
  1151                           ;Lab07.c: 66:         PORTBbits.RB4 = 0;
  1152  0096  1206               	bcf	6,4	;volatile
  1153                           
  1154                           ;Lab07.c: 68:         INTCONbits.T0IF = 0;
  1155  0097  110B               	bcf	11,2	;volatile
  1156  0098                     i1l942:
  1157                           
  1158                           ;Lab07.c: 69:         TMR0 = 217;
  1159  0098  30D9               	movlw	217
  1160  0099  0081               	movwf	1	;volatile
  1161  009A                     i1l944:
  1162                           
  1163                           ;Lab07.c: 71:         if (flags == 0) {
  1164  009A  0877               	movf	_flags,w
  1165  009B  0478               	iorwf	_flags+1,w
  1166  009C  1D03               	btfss	3,2
  1167  009D  289F               	goto	u47_21
  1168  009E  28A0               	goto	u47_20
  1169  009F                     u47_21:
  1170  009F  28AD               	goto	i1l952
  1171  00A0                     u47_20:
  1172  00A0                     i1l946:
  1173                           
  1174                           ;Lab07.c: 72:            PORTBbits.RB4 = 0;
  1175  00A0  1206               	bcf	6,4	;volatile
  1176                           
  1177                           ;Lab07.c: 73:            PORTBbits.RB2 = 1;
  1178  00A1  1506               	bsf	6,2	;volatile
  1179  00A2                     i1l948:
  1180                           
  1181                           ;Lab07.c: 74:            PORTD = tabla[centena];
  1182  00A2  0836               	movf	_centena,w
  1183  00A3  3E20               	addlw	(low (_tabla| 0))& (0+255)
  1184  00A4  0084               	movwf	4
  1185  00A5  1383               	bcf	3,7	;select IRP bank0
  1186  00A6  0800               	movf	0,w
  1187  00A7  0088               	movwf	8	;volatile
  1188  00A8                     i1l950:
  1189                           
  1190                           ;Lab07.c: 75:            flags = 1;
  1191  00A8  3001               	movlw	1
  1192  00A9  00F7               	movwf	_flags
  1193  00AA  3000               	movlw	0
  1194  00AB  00F8               	movwf	_flags+1
  1195                           
  1196                           ;Lab07.c: 76:         }
  1197  00AC  28D2               	goto	i1l968
  1198  00AD                     i1l952:
  1199  00AD  0377               	decf	_flags,w
  1200  00AE  0478               	iorwf	_flags+1,w
  1201  00AF  1D03               	btfss	3,2
  1202  00B0  28B2               	goto	u48_21
  1203  00B1  28B3               	goto	u48_20
  1204  00B2                     u48_21:
  1205  00B2  28C0               	goto	i1l960
  1206  00B3                     u48_20:
  1207  00B3                     i1l954:
  1208                           
  1209                           ;Lab07.c: 79:            PORTBbits.RB2 = 0;
  1210  00B3  1106               	bcf	6,2	;volatile
  1211                           
  1212                           ;Lab07.c: 80:            PORTBbits.RB3 = 1;
  1213  00B4  1586               	bsf	6,3	;volatile
  1214  00B5                     i1l956:
  1215                           
  1216                           ;Lab07.c: 81:            PORTD = tabla[decena];
  1217  00B5  0838               	movf	_decena,w
  1218  00B6  3E20               	addlw	(low (_tabla| 0))& (0+255)
  1219  00B7  0084               	movwf	4
  1220  00B8  1383               	bcf	3,7	;select IRP bank0
  1221  00B9  0800               	movf	0,w
  1222  00BA  0088               	movwf	8	;volatile
  1223  00BB                     i1l958:
  1224                           
  1225                           ;Lab07.c: 82:            flags = 2;
  1226  00BB  3002               	movlw	2
  1227  00BC  00F7               	movwf	_flags
  1228  00BD  3000               	movlw	0
  1229  00BE  00F8               	movwf	_flags+1
  1230                           
  1231                           ;Lab07.c: 83:         }
  1232  00BF  28D2               	goto	i1l968
  1233  00C0                     i1l960:
  1234  00C0  3002               	movlw	2
  1235  00C1  0677               	xorwf	_flags,w
  1236  00C2  0478               	iorwf	_flags+1,w
  1237  00C3  1D03               	btfss	3,2
  1238  00C4  28C6               	goto	u49_21
  1239  00C5  28C7               	goto	u49_20
  1240  00C6                     u49_21:
  1241  00C6  28D2               	goto	i1l61
  1242  00C7                     u49_20:
  1243  00C7                     i1l962:
  1244                           
  1245                           ;Lab07.c: 86:            PORTBbits.RB3 = 0;
  1246  00C7  1186               	bcf	6,3	;volatile
  1247                           
  1248                           ;Lab07.c: 87:            PORTBbits.RB4 = 1;
  1249  00C8  1606               	bsf	6,4	;volatile
  1250  00C9                     i1l964:
  1251                           
  1252                           ;Lab07.c: 88:            PORTD = tabla[unidad];
  1253  00C9  083A               	movf	_unidad,w
  1254  00CA  3E20               	addlw	(low (_tabla| 0))& (0+255)
  1255  00CB  0084               	movwf	4
  1256  00CC  1383               	bcf	3,7	;select IRP bank0
  1257  00CD  0800               	movf	0,w
  1258  00CE  0088               	movwf	8	;volatile
  1259  00CF                     i1l966:
  1260                           
  1261                           ;Lab07.c: 89:            flags = 0;
  1262  00CF  01F7               	clrf	_flags
  1263  00D0  01F8               	clrf	_flags+1
  1264  00D1  28D2               	goto	i1l968
  1265  00D2                     i1l61:
  1266  00D2                     i1l968:
  1267                           
  1268                           ;Lab07.c: 93:     if (RBIF == 1){
  1269  00D2  1C0B               	btfss	11,0	;volatile
  1270  00D3  28D5               	goto	u50_21
  1271  00D4  28D6               	goto	u50_20
  1272  00D5                     u50_21:
  1273  00D5  28E7               	goto	i1l68
  1274  00D6                     u50_20:
  1275  00D6                     i1l970:
  1276                           
  1277                           ;Lab07.c: 94:         if (RB0 == 1){
  1278  00D6  1283               	bcf	3,5	;RP0=0, select bank0
  1279  00D7  1303               	bcf	3,6	;RP1=0, select bank0
  1280  00D8  1C06               	btfss	6,0	;volatile
  1281  00D9  28DB               	goto	u51_21
  1282  00DA  28DC               	goto	u51_20
  1283  00DB                     u51_21:
  1284  00DB  28E0               	goto	i1l974
  1285  00DC                     u51_20:
  1286  00DC                     i1l972:
  1287                           
  1288                           ;Lab07.c: 95:             PORTC++;
  1289  00DC  3001               	movlw	1
  1290  00DD  00F0               	movwf	??_isr
  1291  00DE  0870               	movf	??_isr,w
  1292  00DF  0787               	addwf	7,f	;volatile
  1293  00E0                     i1l974:
  1294                           
  1295                           ;Lab07.c: 98:         if (RB1 == 1){
  1296  00E0  1C86               	btfss	6,1	;volatile
  1297  00E1  28E3               	goto	u52_21
  1298  00E2  28E4               	goto	u52_20
  1299  00E3                     u52_21:
  1300  00E3  28E6               	goto	i1l978
  1301  00E4                     u52_20:
  1302  00E4                     i1l976:
  1303                           
  1304                           ;Lab07.c: 99:             PORTC--;
  1305  00E4  3001               	movlw	1
  1306  00E5  0287               	subwf	7,f	;volatile
  1307  00E6                     i1l978:
  1308                           
  1309                           ;Lab07.c: 102:         INTCONbits.RBIF = 0;
  1310  00E6  100B               	bcf	11,0	;volatile
  1311  00E7                     i1l68:
  1312  00E7  0873               	movf	??_isr+3,w
  1313  00E8  008A               	movwf	10
  1314  00E9  0872               	movf	??_isr+2,w
  1315  00EA  0084               	movwf	4
  1316  00EB  0E71               	swapf	??_isr+1,w
  1317  00EC  0083               	movwf	3
  1318  00ED  0EFE               	swapf	btemp,f
  1319  00EE  0E7E               	swapf	btemp,w
  1320  00EF  0009               	retfie
  1321  00F0                     __end_of_isr:
  1322  007E                     btemp	set	126	;btemp
  1323  007E                     wtemp0	set	126
  1324                           
  1325                           	psect	intentry
  1326  0004                     __pintentry:	
  1327                           ;incstack = 0
  1328                           ; Regs used in _isr: [wreg-fsr0h+status,2+status,0]
  1329                           
  1330  0004                     interrupt_function:
  1331  007E                     saved_w	set	btemp
  1332  0004  00FE               	movwf	btemp
  1333  0005  0E03               	swapf	3,w
  1334  0006  00F1               	movwf	??_isr+1
  1335  0007  0804               	movf	4,w
  1336  0008  00F2               	movwf	??_isr+2
  1337  0009  080A               	movf	10,w
  1338  000A  00F3               	movwf	??_isr+3
  1339  000B  120A  118A  288E   	ljmp	_isr
  1340                           
  1341                           	psect	config
  1342                           
  1343                           ;Config register CONFIG1 @ 0x2007
  1344                           ;	Oscillator Selection bits
  1345                           ;	FOSC = INTRC_NOCLKOUT, INTOSCIO oscillator: I/O function on RA6/OSC2/CLKOUT pin, I/O f
      +                          unction on RA7/OSC1/CLKIN
  1346                           ;	Watchdog Timer Enable bit
  1347                           ;	WDTE = OFF, WDT disabled and can be enabled by SWDTEN bit of the WDTCON register
  1348                           ;	Power-up Timer Enable bit
  1349                           ;	PWRTE = ON, PWRT enabled
  1350                           ;	RE3/MCLR pin function select bit
  1351                           ;	MCLRE = OFF, RE3/MCLR pin function is digital input, MCLR internally tied to VDD
  1352                           ;	Code Protection bit
  1353                           ;	CP = OFF, Program memory code protection is disabled
  1354                           ;	Data Code Protection bit
  1355                           ;	CPD = OFF, Data memory code protection is disabled
  1356                           ;	Brown Out Reset Selection bits
  1357                           ;	BOREN = OFF, BOR disabled
  1358                           ;	Internal External Switchover bit
  1359                           ;	IESO = OFF, Internal/External Switchover mode is disabled
  1360                           ;	Fail-Safe Clock Monitor Enabled bit
  1361                           ;	FCMEN = OFF, Fail-Safe Clock Monitor is disabled
  1362                           ;	Low Voltage Programming Enable bit
  1363                           ;	LVP = ON, RB3/PGM pin has PGM function, low voltage programming enabled
  1364                           ;	In-Circuit Debugger Mode bit
  1365                           ;	DEBUG = 0x1, unprogrammed default
  1366  2007                     	org	8199
  1367  2007  30C4               	dw	12484
  1368                           
  1369                           ;Config register CONFIG2 @ 0x2008
  1370                           ;	Brown-out Reset Selection bit
  1371                           ;	BOR4V = BOR40V, Brown-out Reset set to 4.0V
  1372                           ;	Flash Program Memory Self Write Enable bits
  1373                           ;	WRT = OFF, Write protection off
  1374  2008                     	org	8200
  1375  2008  3FFF               	dw	16383

Data Sizes:
    Strings     0
    Constant    0
    Data        10
    BSS         2
    Persistent  10
    Stack       0

Auto Spaces:
    Space          Size  Autos    Used
    COMMON           14      5       9
    BANK0            80     10      28
    BANK1            80      0       0
    BANK3            96      0       0
    BANK2            96      0       0

Pointer List with Targets:

    None.

Critical Paths under _main in COMMON

    _decimal->___awdiv
    _decimal->___awmod

Critical Paths under _isr in COMMON

    None.

Critical Paths under _main in BANK0

    _decimal->___awdiv

Critical Paths under _isr in BANK0

    None.

Critical Paths under _main in BANK1

    None.

Critical Paths under _isr in BANK1

    None.

Critical Paths under _main in BANK3

    None.

Critical Paths under _isr in BANK3

    None.

Critical Paths under _main in BANK2

    None.

Critical Paths under _isr in BANK2

    None.

Call Graph Tables:

 ---------------------------------------------------------------------------------
 (Depth) Function   	        Calls       Base Space   Used Autos Params    Refs
 ---------------------------------------------------------------------------------
 (0) _main                                                 2     2      0    1598
                                              8 BANK0      2     2      0
                            _decimal
                              _setup
 ---------------------------------------------------------------------------------
 (1) _setup                                                0     0      0       0
 ---------------------------------------------------------------------------------
 (1) _decimal                                              0     0      0    1598
                            ___awdiv
                            ___awmod
 ---------------------------------------------------------------------------------
 (2) ___awmod                                              7     3      4     793
                                              4 COMMON     1     1      0
                                              0 BANK0      6     2      4
 ---------------------------------------------------------------------------------
 (2) ___awdiv                                              9     5      4     805
                                              4 COMMON     1     1      0
                                              0 BANK0      8     4      4
 ---------------------------------------------------------------------------------
 Estimated maximum stack depth 2
 ---------------------------------------------------------------------------------
 (Depth) Function   	        Calls       Base Space   Used Autos Params    Refs
 ---------------------------------------------------------------------------------
 (3) _isr                                                  4     4      0       0
                                              0 COMMON     4     4      0
 ---------------------------------------------------------------------------------
 Estimated maximum stack depth 3
 ---------------------------------------------------------------------------------

 Call Graph Graphs:

 _main (ROOT)
   _decimal
     ___awdiv
     ___awmod
   _setup

 _isr (ROOT)

 Address spaces:
Name               Size   Autos  Total    Cost      Usage
BANK3               60      0       0       9        0.0%
BITBANK3            60      0       0       8        0.0%
SFR3                 0      0       0       4        0.0%
BITSFR3              0      0       0       4        0.0%
BANK2               60      0       0      11        0.0%
BITBANK2            60      0       0      10        0.0%
SFR2                 0      0       0       5        0.0%
BITSFR2              0      0       0       5        0.0%
BANK1               50      0       0       7        0.0%
BITBANK1            50      0       0       6        0.0%
SFR1                 0      0       0       2        0.0%
BITSFR1              0      0       0       2        0.0%
BANK0               50      A      1C       5       35.0%
BITBANK0            50      0       0       4        0.0%
SFR0                 0      0       0       1        0.0%
BITSFR0              0      0       0       1        0.0%
COMMON               E      5       9       1       64.3%
BITCOMMON            E      0       0       0        0.0%
CODE                 0      0       0       0        0.0%
DATA                 0      0      25      12        0.0%
ABS                  0      0      25       3        0.0%
NULL                 0      0       0       0        0.0%
STACK                0      0       0       2        0.0%
EEDATA             100      0       0       0        0.0%


Microchip Technology PIC Macro Assembler V2.31 build 20201012212115 
Symbol Table                                                                                   Fri Apr 16 17:53:09 2021

                      pc 0002                       l82 0199                       l79 01C1  
           ___awdiv@sign 002F                       fsr 0004                      l321 008D  
                    l334 014A                      l800 01BA                      l802 01BF  
                    l760 01A2                      l770 01A9                      l762 01A3  
                    l780 01B0                      l772 01AC                      l764 01A4  
                    l756 019A                      l790 01B5                      l782 01B1  
                    l774 01AD                      l766 01A7                      l758 019E  
                    l792 01B6                      l784 01B2                      l776 01AE  
                    l768 01A8                      l794 01B7                      l786 01B3  
                    l778 01AF                      l796 01B8                      l788 01B4  
                    l990 002C                      l798 01B9                      l992 0031  
                    l994 0033                      l986 0025                      l996 0037  
                    l988 0028                      l998 003C                      _RB0 0030  
                    _RB1 0031                      u610 007F                      u530 002C  
                    u611 007E                      u531 002B                      u620 0084  
                    u540 0037                      u700 013C                      u621 0083  
                    u605 0073                      u541 0036                      u701 013B  
                    u550 0048                      u710 0141                      u630 00F7  
                    u551 0047                      u711 0140                      u631 00F6  
                    u640 0102                      u641 0101                      u570 005A  
                    u650 010D                      u571 0059                      u651 010C  
                    u565 004C                      u590 006B                      u670 011F  
                    u591 006A                      u671 011E                      u680 0129  
                    u585 005B                      u681 0128                      u665 0111  
                    u595 0067                      u685 0125                      u695 0130  
                    _isr 008E                      fsr0 0004                      indf 0000  
           ___awmod@sign 002F                     l1000 0040                     l1010 0056  
                   l1002 0042                     l1020 0079                     l1012 005A  
                   l1004 0048                     l1014 006B                     l1006 004B  
                   l1022 007F                     l1030 00F0                     l1024 0084  
                   l1016 0071                     l1008 0052                     l1040 0102  
                   l1032 00F3                     l1026 0089                     l1018 0072  
                   l1050 011B                     l1042 0107                     l1034 00F7  
                   l1052 011F                     l1044 010D                     l1060 013C  
                   l1036 00FC                     l1062 0141                     l1054 0129  
                   l1046 0110                     l1038 00FE                     l1070 01C2  
                   l1064 0146                     l1056 012F                     l1048 0117  
                   l1072 01C7                     l1058 0136                     l1074 01D0  
                   l1068 014B                     ?_isr 0070                     _T0IF 005A  
                   _RBIF 0058                     i1l61 00D2                     i1l68 00E7  
                   _TMR0 0001                     _main 01C2                     btemp 007E  
                   start 000E                    ??_isr 0070                    ?_main 0070  
        __end_of___awdiv 008E          __end_of___awmod 014B                    _ANSEL 0188  
        ___awdiv@divisor 002A                    i1l940 0092                    i1l950 00A8  
                  i1l942 0098                    i1l960 00C0                    i1l952 00AD  
                  i1l944 009A                    i1l970 00D6                    i1l962 00C7  
                  i1l954 00B3                    i1l946 00A0                    i1l938 008E  
                  i1l972 00DC                    i1l964 00C9                    i1l956 00B5  
                  i1l948 00A2                    i1l974 00E0                    i1l966 00CF  
                  i1l958 00BB                    i1l976 00E4                    i1l968 00D2  
                  i1l978 00E6          ___awdiv@counter 002E                    u50_20 00D6  
                  u50_21 00D5                    u51_20 00DC                    u51_21 00DB  
                  _PORTB 0006                    _PORTC 0007                    _PORTD 0008  
                  u52_20 00E4                    u52_21 00E3                    u46_20 0092  
                  u46_21 0091                    u47_20 00A0                    u47_21 009F  
                  u48_20 00B3                    u48_21 00B2                    u49_20 00C7  
                  u49_21 00C6                    _TRISB 0086                    _TRISC 0087  
                  _TRISD 0088          __end_of_decimal 019A                    _flags 0077  
                  _tabla 0020                    _setup 019A                    pclath 000A  
                  status 0003                    wtemp0 007E          __initialization 0011  
           __end_of_main 01D9                   ??_main 0032         ___awdiv@dividend 002C  
                 ?_setup 0070                   _ANSELH 0189                ??___awdiv 0074  
                 _decena 0038                ??___awmod 0074                ??_decimal 0075  
       ___awdiv@quotient 0030          ___awmod@divisor 002A          ___awmod@counter 002E  
                 _unidad 003A                   saved_w 007E  __end_of__initialization 0021  
         __pcstackCOMMON 0070             __pidataBANK0 01EC            __end_of_setup 01C2  
         _OPTION_REGbits 0081                  ??_setup 0074               __pnvCOMMON 0075  
             __pmaintext 01C2               __pintentry 0004                  ___awdiv 0025  
                ___awmod 00F0                  _decimal 014B                  _centena 0036  
                __ptext1 019A                  __ptext2 014B                  __ptext3 00F0  
                __ptext4 0025                  __ptext5 008E             __size_of_isr 0062  
       ___awmod@dividend 002C                  _residuo 0034     end_of_initialization 0021  
              _PORTBbits 0006      start_initialization 0011              __end_of_isr 00F0  
             init_fetch0 01D9              __pdataBANK0 0020              __pbssCOMMON 0077  
              ___latbits 0002            __pcstackBANK0 002A                __pnvBANK0 0034  
               ?___awdiv 002A                 ?___awmod 002A                 ?_decimal 0070  
         __size_of_setup 0028        interrupt_function 0004                 _IOCBbits 0096  
       __size_of___awdiv 0069         __size_of___awmod 005B         __size_of_decimal 004F  
          __size_of_main 0017                 _variable 0075               _INTCONbits 000B  
               init_ram0 01DD                 intlevel1 0000               _OSCCONbits 008F  
